
9월 14, 2020 21:00:31.117 NEW SESSION
9월 14, 2020 21:00:31.117 [12420:13876:0914/210031.114:ERROR:media_history_store.cc(363)] Failed to create or update the media history store.
9월 14, 2020 21:37:22.997 [12420:11736:0914/213722.996:ERROR:socket_stream.cc(219)] Closing stream with result -2
9월 15, 2020 16:15:38.464 [12420:11736:0915/161538.464:ERROR:connection_factory_impl.cc(428)] Failed to connect to MCS endpoint with error -106
9월 15, 2020 16:15:38.621 [12420:11736:0915/161538.620:ERROR:connection_factory_impl.cc(428)] Failed to connect to MCS endpoint with error -106
9월 15, 2020 16:33:08.55 [12420:11736:0915/163308.054:ERROR:connection_factory_impl.cc(428)] Failed to connect to MCS endpoint with error -103
9월 15, 2020 16:33:10.135 [12420:11736:0915/163310.135:ERROR:connection_factory_impl.cc(428)] Failed to connect to MCS endpoint with error -106
9월 15, 2020 16:34:22.134 [12420:11736:0915/163422.134:ERROR:connection_factory_impl.cc(428)] Failed to connect to MCS endpoint with error -106
9월 15, 2020 16:34:50.359 [12420:11736:0915/163450.359:ERROR:connection_factory_impl.cc(428)] Failed to connect to MCS endpoint with error -106
9월 15, 2020 16:51:21.690 [12420:11736:0915/165121.689:ERROR:socket_stream.cc(219)] Closing stream with result -2
9월 15, 2020 19:51:28.778 [12420:11736:0915/195128.777:ERROR:socket_stream.cc(219)] Closing stream with result -2
9월 16, 2020 09:11:40.09 [12420:11736:0916/091138.716:ERROR:connection_factory_impl.cc(428)] Failed to connect to MCS endpoint with error -7
9월 16, 2020 09:11:40.180 [12420:11736:0916/091140.179:ERROR:registration_request.cc(246)] Registration URL fetching failed.
9월 16, 2020 09:11:40.188 [12420:11736:0916/091140.179:ERROR:registration_request.cc(246)] Registration URL fetching failed.
9월 16, 2020 09:11:40.466 [12420:14932:0916/091140.466:ERROR:get_updates_processor.cc(258)] PostClientToServerMessage() failed during GetUpdates with error 2
9월 16, 2020 09:12:04.575 [12420:11736:0916/091204.575:ERROR:registration_request.cc(246)] Registration URL fetching failed.
9월 16, 2020 09:12:06.756 [12420:11736:0916/091206.755:ERROR:registration_request.cc(246)] Registration URL fetching failed.
9월 16, 2020 09:12:24.179 [12420:11736:0916/091224.179:ERROR:connection_factory_impl.cc(428)] Failed to connect to MCS endpoint with error -7
9월 16, 2020 09:12:49.332 [12420:11736:0916/091249.332:ERROR:registration_request.cc(246)] Registration URL fetching failed.
9월 16, 2020 09:12:51.983 [12420:11736:0916/091251.983:ERROR:registration_request.cc(246)] Registration URL fetching failed.
9월 16, 2020 09:12:55.478 [12420:14736:0916/091255.478:ERROR:get_updates_processor.cc(258)] PostClientToServerMessage() failed during GetUpdates with error 2
9월 16, 2020 09:13:09.424 [12420:11736:0916/091309.424:ERROR:connection_factory_impl.cc(428)] Failed to connect to MCS endpoint with error -106

9월 17, 2020 20:39:39.471 NEW SESSION
9월 17, 2020 20:39:39.471 [13696:11796:0917/203939.469:ERROR:media_history_store.cc(363)] Failed to create or update the media history store.
9월 17, 2020 20:54:33.03 [8980:16400:0917/205433.002:ERROR:media_history_store.cc(363)] Failed to create or update the media history store.
9월 17, 2020 21:29:09.907 [2108:12376:0917/212909.907:ERROR:media_history_store.cc(363)] Failed to create or update the media history store.
9월 17, 2020 21:40:57.828 [15004:10284:0917/214057.827:ERROR:media_history_store.cc(363)] Failed to create or update the media history store.

9월 21, 2020 20:45:11.395 NEW SESSION
9월 21, 2020 20:45:11.395 [6884:11080:0921/204511.392:ERROR:media_history_store.cc(363)] Failed to create or update the media history store.
9월 21, 2020 20:45:35.122 [10736:6468:0921/204535.121:ERROR:media_history_store.cc(363)] Failed to create or update the media history store.
9월 21, 2020 21:39:26.203 [4012:11720:0921/213926.203:ERROR:media_history_store.cc(363)] Failed to create or update the media history store.
9월 21, 2020 21:58:49.790 [3860:2960:0921/215849.789:ERROR:media_history_store.cc(363)] Failed to create or update the media history store.
9월 22, 2020 09:06:57.980 [3860:4396:0922/090657.980:ERROR:get_updates_processor.cc(258)] PostClientToServerMessage() failed during GetUpdates with error 2
9월 22, 2020 09:06:59.280 [3860:3272:0922/090659.279:ERROR:connection_factory_impl.cc(428)] Failed to connect to MCS endpoint with error -106
9월 22, 2020 09:06:59.640 [3860:3272:0922/090659.639:ERROR:connection_factory_impl.cc(428)] Failed to connect to MCS endpoint with error -106
9월 22, 2020 09:31:57.273 [11036:12420:0922/093157.272:ERROR:media_history_store.cc(363)] Failed to create or update the media history store.
9월 22, 2020 09:32:41.348 [11036:12468:0922/093241.348:ERROR:socket_stream.cc(219)] Closing stream with result -2
9월 22, 2020 14:47:35.118 [11036:14708:0922/144735.118:ERROR:get_updates_processor.cc(258)] PostClientToServerMessage() failed during GetUpdates with error 2
9월 22, 2020 14:47:36.842 [11036:12468:0922/144736.842:ERROR:connection_factory_impl.cc(428)] Failed to connect to MCS endpoint with error -106
9월 22, 2020 14:47:37.154 [11036:12468:0922/144737.154:ERROR:connection_factory_impl.cc(428)] Failed to connect to MCS endpoint with error -106
9월 22, 2020 16:12:06.428 [11036:12468:0922/161206.428:ERROR:socket_stream.cc(219)] Closing stream with result -2
9월 22, 2020 18:13:25.774 [11036:12468:0922/181325.773:ERROR:connection_factory_impl.cc(428)] Failed to connect to MCS endpoint with error -105
9월 22, 2020 21:55:55.352 [11036:12468:0922/215555.346:ERROR:connection_factory_impl.cc(428)] Failed to connect to MCS endpoint with error -106
9월 22, 2020 21:56:22.369 [11036:12468:0922/215622.368:ERROR:connection_factory_impl.cc(428)] Failed to connect to MCS endpoint with error -106
9월 22, 2020 21:57:05.679 [11036:12468:0922/215705.677:ERROR:connection_factory_impl.cc(428)] Failed to connect to MCS endpoint with error -106
9월 22, 2020 21:58:58.805 [11036:12468:0922/215858.804:ERROR:connection_factory_impl.cc(428)] Failed to connect to MCS endpoint with error -106
9월 22, 2020 22:02:02.248 [11036:12468:0922/220202.246:ERROR:connection_factory_impl.cc(428)] Failed to connect to MCS endpoint with error -106
9월 23, 2020 01:07:44.970 [11036:12468:0923/010744.485:ERROR:connection_factory_impl.cc(428)] Failed to connect to MCS endpoint with error -106
9월 23, 2020 01:07:45.101 [11036:15548:0923/010744.719:ERROR:get_updates_processor.cc(258)] PostClientToServerMessage() failed during GetUpdates with error 2
9월 23, 2020 20:45:19.924 [11036:12468:0923/204519.896:ERROR:registration_request.cc(246)] Registration URL fetching failed.
9월 23, 2020 20:45:20.157 [11036:12468:0923/204519.896:ERROR:registration_request.cc(246)] Registration URL fetching failed.
9월 23, 2020 20:45:20.289 [11036:5188:0923/204519.959:ERROR:get_updates_processor.cc(258)] PostClientToServerMessage() failed during GetUpdates with error 2
9월 23, 2020 20:45:20.414 [11036:12468:0923/204520.027:ERROR:connection_factory_impl.cc(428)] Failed to connect to MCS endpoint with error -106
9월 23, 2020 21:51:14.372 [9728:2860:0923/215114.372:ERROR:media_history_store.cc(363)] Failed to create or update the media history store.

10월 04, 2020 24:57:43.485 NEW SESSION
10월 04, 2020 24:57:43.485 [20628:24256:1004/005743.482:ERROR:media_history_store.cc(363)] Failed to create or update the media history store.
10월 04, 2020 02:45:27.638 [16448:18692:1004/024527.637:ERROR:media_history_store.cc(363)] Failed to create or update the media history store.
10월 04, 2020 02:46:17.387 [14812:25336:1004/024617.386:ERROR:media_history_store.cc(363)] Failed to create or update the media history store.
10월 04, 2020 02:48:05.945 [4400:15752:1004/024805.945:ERROR:media_history_store.cc(363)] Failed to create or update the media history store.
